<?xml version="1.0" encoding="UTF-8"?>
<testng-results ignored="4" total="7" passed="3" failed="0" skipped="0">
  <reporter-output>
  </reporter-output>
  <suite started-at="2023-11-17T14:57:15Z" name="ORANGE" finished-at="2023-11-17T14:57:36Z" duration-ms="21273">
    <groups>
    </groups>
    <test started-at="2023-11-17T14:57:15Z" name="Test" finished-at="2023-11-17T14:57:36Z" duration-ms="21273">
      <class name="com.shay.tests.HomePageTest">
        <test-method is-config="true" signature="startBrowser()[pri:0, instance:com.shay.tests.HomePageTest@2cdd0d4b]" started-at="2023-11-17T20:57:12Z" name="startBrowser" finished-at="2023-11-17T20:57:15Z" duration-ms="3027" status="PASS">
          <reporter-output>
          </reporter-output>
        </test-method> <!-- startBrowser -->
        <test-method is-config="true" signature="start()[pri:0, instance:com.shay.tests.HomePageTest@2cdd0d4b]" started-at="2023-11-17T20:57:15Z" name="start" finished-at="2023-11-17T20:57:19Z" duration-ms="4280" status="PASS">
          <reporter-output>
          </reporter-output>
        </test-method> <!-- start -->
        <test-method signature="loginTest()[pri:0, instance:com.shay.tests.HomePageTest@2cdd0d4b]" started-at="2023-11-17T20:57:19Z" name="loginTest" finished-at="2023-11-17T20:57:22Z" duration-ms="2252" status="PASS">
          <reporter-output>
          </reporter-output>
        </test-method> <!-- loginTest -->
        <test-method is-config="true" signature="report()[pri:0, instance:com.shay.tests.HomePageTest@2cdd0d4b]" started-at="2023-11-17T20:57:22Z" name="report" finished-at="2023-11-17T20:57:22Z" duration-ms="554" status="PASS">
          <reporter-output>
          </reporter-output>
        </test-method> <!-- report -->
        <test-method is-config="true" signature="stopBrowser()[pri:0, instance:com.shay.tests.HomePageTest@2cdd0d4b]" started-at="2023-11-17T20:57:36Z" name="stopBrowser" finished-at="2023-11-17T20:57:37Z" duration-ms="290" status="PASS">
          <reporter-output>
          </reporter-output>
        </test-method> <!-- stopBrowser -->
      </class> <!-- com.shay.tests.HomePageTest -->
      <class name="com.shay.tests.WriterTest">
        <test-method is-config="true" signature="start()[pri:0, instance:com.shay.tests.WriterTest@2e1d27ba]" started-at="2023-11-17T20:57:28Z" name="start" finished-at="2023-11-17T20:57:28Z" duration-ms="1" status="PASS">
          <reporter-output>
          </reporter-output>
        </test-method> <!-- start -->
        <test-method signature="Writer()[pri:0, instance:com.shay.tests.WriterTest@2e1d27ba]" started-at="2023-11-17T20:57:28Z" name="Writer" finished-at="2023-11-17T20:57:36Z" duration-ms="8348" status="PASS">
          <reporter-output>
          </reporter-output>
        </test-method> <!-- Writer -->
        <test-method is-config="true" signature="report()[pri:0, instance:com.shay.tests.WriterTest@2e1d27ba]" started-at="2023-11-17T20:57:36Z" name="report" finished-at="2023-11-17T20:57:36Z" duration-ms="295" status="PASS">
          <reporter-output>
          </reporter-output>
        </test-method> <!-- report -->
      </class> <!-- com.shay.tests.WriterTest -->
      <class name="com.shay.tests.LoginTest">
        <test-method is-config="true" signature="start()[pri:0, instance:com.shay.tests.LoginTest@7e9131d5]" started-at="2023-11-17T20:57:22Z" name="start" finished-at="2023-11-17T20:57:22Z" duration-ms="2" status="PASS">
          <reporter-output>
          </reporter-output>
        </test-method> <!-- start -->
        <test-method signature="Signin()[pri:0, instance:com.shay.tests.LoginTest@7e9131d5]" started-at="2023-11-17T20:57:22Z" name="Signin" finished-at="2023-11-17T20:57:27Z" duration-ms="5177" status="PASS">
          <reporter-output>
          </reporter-output>
        </test-method> <!-- Signin -->
        <test-method is-config="true" signature="report()[pri:0, instance:com.shay.tests.LoginTest@7e9131d5]" started-at="2023-11-17T20:57:27Z" name="report" finished-at="2023-11-17T20:57:28Z" duration-ms="330" status="PASS">
          <reporter-output>
          </reporter-output>
        </test-method> <!-- report -->
      </class> <!-- com.shay.tests.LoginTest -->
    </test> <!-- Test -->
  </suite> <!-- ORANGE -->
</testng-results>
