<?xml version="1.0" encoding="UTF-8"?>
<!-- Generated by org.testng.reporters.JUnitXMLReporter -->
<testsuite ignored="4" hostname="Masud" failures="0" tests="5" name="Test" time="86.46" errors="0" timestamp="19 Nov 2023 18:41:21 GMT">
  <testcase classname="com.shay.tests.HomePageTest" name="loginTest" time="3.42"/>
  <testcase classname="com.shay.tests.LoginTest" name="Signin" time="6.917"/>
  <testcase classname="com.shay.tests.WriterTest" name="Writer" time="7.623"/>
  <testcase classname="com.shay.tests.AddToCartTest" name="addToCartTest" time="3.473"/>
  <testcase classname="com.shay.tests.ShippingTest" name="shippingDetailsTest" time="57.464"/>
  <testcase classname="com.shay.baseDriver.BaseDriver" name="@BeforeSuite startBrowser" time="0.0">
    <ignored/>
  </testcase> <!-- @BeforeSuite startBrowser -->
  <testcase classname="com.shay.baseDriver.BaseDriver" name="@BeforeSuite startBrowser" time="0.0">
    <ignored/>
  </testcase> <!-- @BeforeSuite startBrowser -->
  <testcase classname="com.shay.baseDriver.BaseDriver" name="@AfterSuite stopBrowser" time="0.0">
    <ignored/>
  </testcase> <!-- @AfterSuite stopBrowser -->
  <testcase classname="com.shay.baseDriver.BaseDriver" name="@AfterSuite stopBrowser" time="0.0">
    <ignored/>
  </testcase> <!-- @AfterSuite stopBrowser -->
</testsuite> <!-- Test -->
