<?xml version="1.0" encoding="UTF-8"?>
<!-- Generated by org.testng.reporters.JUnitXMLReporter -->
<testsuite ignored="4" hostname="Masud" failures="0" tests="3" name="Test" time="21.273" errors="0" timestamp="17 Nov 2023 14:57:36 GMT">
  <testcase classname="com.shay.tests.HomePageTest" name="loginTest" time="2.252"/>
  <testcase classname="com.shay.tests.LoginTest" name="Signin" time="5.177"/>
  <testcase classname="com.shay.tests.WriterTest" name="Writer" time="8.348"/>
  <testcase classname="com.shay.baseDriver.BaseDriver" name="@BeforeSuite startBrowser" time="0.0">
    <ignored/>
  </testcase> <!-- @BeforeSuite startBrowser -->
  <testcase classname="com.shay.baseDriver.BaseDriver" name="@BeforeSuite startBrowser" time="0.0">
    <ignored/>
  </testcase> <!-- @BeforeSuite startBrowser -->
  <testcase classname="com.shay.baseDriver.BaseDriver" name="@AfterSuite stopBrowser" time="0.0">
    <ignored/>
  </testcase> <!-- @AfterSuite stopBrowser -->
  <testcase classname="com.shay.baseDriver.BaseDriver" name="@AfterSuite stopBrowser" time="0.0">
    <ignored/>
  </testcase> <!-- @AfterSuite stopBrowser -->
</testsuite> <!-- Test -->
